<?xml version="1.0" encoding="UTF-8"?>
<!-- Generated by org.testng.reporters.JUnitReportReporter -->
<testsuite skipped="0" hostname="DESKTOP-1RV8L6R" name="com.saucedemo.AppTest" tests="1" failures="0" timestamp="2023-04-30T12:15:00 BST" time="0.009" errors="0">
  <testcase name="testApp" time="0.009" classname="com.saucedemo.AppTest"/>
  <system-out/>
</testsuite> <!-- com.saucedemo.AppTest -->
